c:\users\jguo5\source\repos\irphookhddspoof\irphookhddspoof\x64\release\vc142.pdb
c:\users\jguo5\source\repos\irphookhddspoof\irphookhddspoof\x64\release\driver.obj
c:\users\jguo5\source\repos\irphookhddspoof\x64\release\irphookhddspoof\irphookhddspoof.cat
c:\users\jguo5\source\repos\irphookhddspoof\x64\release\irphookhddspoof.sys
c:\users\jguo5\source\repos\irphookhddspoof\x64\release\irphookhddspoof.pdb
c:\users\jguo5\source\repos\irphookhddspoof\irphookhddspoof\x64\release\irphookhddspoof.inf
c:\users\jguo5\source\repos\irphookhddspoof\x64\release\irphookhddspoof.cer
c:\users\jguo5\source\repos\irphookhddspoof\x64\release\irphookhddspoof.inf
c:\users\jguo5\source\repos\irphookhddspoof\irphookhddspoof\x64\release\irphookhddspoof.tlog\cl.command.1.tlog
c:\users\jguo5\source\repos\irphookhddspoof\irphookhddspoof\x64\release\irphookhddspoof.tlog\cl.read.1.tlog
c:\users\jguo5\source\repos\irphookhddspoof\irphookhddspoof\x64\release\irphookhddspoof.tlog\cl.write.1.tlog
c:\users\jguo5\source\repos\irphookhddspoof\irphookhddspoof\x64\release\irphookhddspoof.tlog\inf2cat-expand.12868.read.1.tlog
c:\users\jguo5\source\repos\irphookhddspoof\irphookhddspoof\x64\release\irphookhddspoof.tlog\inf2cat-expand.12868.write.1.tlog
c:\users\jguo5\source\repos\irphookhddspoof\irphookhddspoof\x64\release\irphookhddspoof.tlog\inf2cat-expand.read.1.tlog
c:\users\jguo5\source\repos\irphookhddspoof\irphookhddspoof\x64\release\irphookhddspoof.tlog\inf2cat-expand.write.1.tlog
c:\users\jguo5\source\repos\irphookhddspoof\irphookhddspoof\x64\release\irphookhddspoof.tlog\inf2cat.command.1.tlog
c:\users\jguo5\source\repos\irphookhddspoof\irphookhddspoof\x64\release\irphookhddspoof.tlog\inf2cat.read.1.tlog
c:\users\jguo5\source\repos\irphookhddspoof\irphookhddspoof\x64\release\irphookhddspoof.tlog\inf2cat.write.1.tlog
c:\users\jguo5\source\repos\irphookhddspoof\irphookhddspoof\x64\release\irphookhddspoof.tlog\link.command.1.tlog
c:\users\jguo5\source\repos\irphookhddspoof\irphookhddspoof\x64\release\irphookhddspoof.tlog\link.read.1.tlog
c:\users\jguo5\source\repos\irphookhddspoof\irphookhddspoof\x64\release\irphookhddspoof.tlog\link.write.1.tlog
c:\users\jguo5\source\repos\irphookhddspoof\irphookhddspoof\x64\release\irphookhddspoof.tlog\signtool.command.1.tlog
c:\users\jguo5\source\repos\irphookhddspoof\irphookhddspoof\x64\release\irphookhddspoof.tlog\signtool.read.1.tlog
c:\users\jguo5\source\repos\irphookhddspoof\irphookhddspoof\x64\release\irphookhddspoof.tlog\signtool.timestamp.1.tlog
c:\users\jguo5\source\repos\irphookhddspoof\irphookhddspoof\x64\release\irphookhddspoof.tlog\signtool.write.1.tlog
c:\users\jguo5\source\repos\irphookhddspoof\irphookhddspoof\x64\release\irphookhddspoof.tlog\stampinf.command.1.tlog
c:\users\jguo5\source\repos\irphookhddspoof\irphookhddspoof\x64\release\irphookhddspoof.tlog\stampinf.read.1.tlog
c:\users\jguo5\source\repos\irphookhddspoof\irphookhddspoof\x64\release\irphookhddspoof.tlog\stampinf.write.1.tlog
