c:\users\jguo5\source\repos\irphook\irphook\x64\release\vc142.pdb
c:\users\jguo5\source\repos\irphook\irphook\x64\release\driver.obj
c:\users\jguo5\source\repos\irphook\x64\release\irphook\irphook.cat
c:\users\jguo5\source\repos\irphook\x64\release\irphook.sys
c:\users\jguo5\source\repos\irphook\x64\release\irphook.pdb
c:\users\jguo5\source\repos\irphook\irphook\x64\release\irphook.inf
c:\users\jguo5\source\repos\irphook\x64\release\irphook.cer
c:\users\jguo5\source\repos\irphook\x64\release\irphook.inf
c:\users\jguo5\source\repos\irphook\irphook\x64\release\irphook.tlog\cl.command.1.tlog
c:\users\jguo5\source\repos\irphook\irphook\x64\release\irphook.tlog\cl.read.1.tlog
c:\users\jguo5\source\repos\irphook\irphook\x64\release\irphook.tlog\cl.write.1.tlog
c:\users\jguo5\source\repos\irphook\irphook\x64\release\irphook.tlog\inf2cat-expand.12520.read.1.tlog
c:\users\jguo5\source\repos\irphook\irphook\x64\release\irphook.tlog\inf2cat-expand.12520.write.1.tlog
c:\users\jguo5\source\repos\irphook\irphook\x64\release\irphook.tlog\inf2cat-expand.read.1.tlog
c:\users\jguo5\source\repos\irphook\irphook\x64\release\irphook.tlog\inf2cat-expand.write.1.tlog
c:\users\jguo5\source\repos\irphook\irphook\x64\release\irphook.tlog\inf2cat.command.1.tlog
c:\users\jguo5\source\repos\irphook\irphook\x64\release\irphook.tlog\inf2cat.read.1.tlog
c:\users\jguo5\source\repos\irphook\irphook\x64\release\irphook.tlog\inf2cat.write.1.tlog
c:\users\jguo5\source\repos\irphook\irphook\x64\release\irphook.tlog\link.command.1.tlog
c:\users\jguo5\source\repos\irphook\irphook\x64\release\irphook.tlog\link.read.1.tlog
c:\users\jguo5\source\repos\irphook\irphook\x64\release\irphook.tlog\link.write.1.tlog
c:\users\jguo5\source\repos\irphook\irphook\x64\release\irphook.tlog\signtool.command.1.tlog
c:\users\jguo5\source\repos\irphook\irphook\x64\release\irphook.tlog\signtool.read.1.tlog
c:\users\jguo5\source\repos\irphook\irphook\x64\release\irphook.tlog\signtool.timestamp.1.tlog
c:\users\jguo5\source\repos\irphook\irphook\x64\release\irphook.tlog\signtool.write.1.tlog
c:\users\jguo5\source\repos\irphook\irphook\x64\release\irphook.tlog\stampinf.command.1.tlog
c:\users\jguo5\source\repos\irphook\irphook\x64\release\irphook.tlog\stampinf.read.1.tlog
c:\users\jguo5\source\repos\irphook\irphook\x64\release\irphook.tlog\stampinf.write.1.tlog
